INFO:root:Started grid search
INFO:root:Started assembly mode
INFO:root:Searching 1 layers
INFO:root:Searching 2 layers
INFO:root:Any functional model found for 2 hidden layers in grid
INFO:root:Any functional model found for 2 hidden layers in grid
INFO:root:Any functional model found for 2 hidden layers in grid
INFO:root:Any functional model found for 2 hidden layers in grid
INFO:root:Any functional model found for 2 hidden layers in grid
INFO:root:Any functional model found for 2 hidden layers in grid
INFO:root:Any functional model found for 2 hidden layers in grid
INFO:root:Any functional model found for 2 hidden layers in grid
INFO:root:Any functional model found for 2 hidden layers in grid
INFO:root:Any functional model found for 2 hidden layers in grid
INFO:root:Searching 3 layers
INFO:root:Any functional model found for 3 hidden layers in grid
INFO:root:Any functional model found for 3 hidden layers in grid
INFO:root:Any functional model found for 3 hidden layers in grid
INFO:root:Any functional model found for 3 hidden layers in grid
INFO:root:Any functional model found for 3 hidden layers in grid
INFO:root:Any functional model found for 3 hidden layers in grid
INFO:root:Any functional model found for 3 hidden layers in grid
INFO:root:Any functional model found for 3 hidden layers in grid
INFO:root:Any functional model found for 3 hidden layers in grid
INFO:root:Any functional model found for 3 hidden layers in grid
INFO:root:Searching 4 layers
INFO:root:Any functional model found for 4 hidden layers in grid
INFO:root:Any functional model found for 4 hidden layers in grid
INFO:root:Any functional model found for 4 hidden layers in grid
INFO:root:Any functional model found for 4 hidden layers in grid
INFO:root:Any functional model found for 4 hidden layers in grid
INFO:root:Any functional model found for 4 hidden layers in grid
INFO:root:Any functional model found for 4 hidden layers in grid
INFO:root:Any functional model found for 4 hidden layers in grid
INFO:root:Any functional model found for 4 hidden layers in grid
INFO:root:Any functional model found for 4 hidden layers in grid
INFO:root:Searching 5 layers
INFO:root:Any functional model found for 5 hidden layers in grid
INFO:root:Any functional model found for 5 hidden layers in grid
INFO:root:Any functional model found for 5 hidden layers in grid
INFO:root:Any functional model found for 5 hidden layers in grid
INFO:root:Any functional model found for 5 hidden layers in grid
INFO:root:Any functional model found for 5 hidden layers in grid
INFO:root:Any functional model found for 5 hidden layers in grid
INFO:root:Any functional model found for 5 hidden layers in grid
INFO:root:Any functional model found for 5 hidden layers in grid
INFO:root:Any functional model found for 5 hidden layers in grid
INFO:root:Searching 6 layers
INFO:root:Any functional model found for 6 hidden layers in grid
INFO:root:Any functional model found for 6 hidden layers in grid
INFO:root:Any functional model found for 6 hidden layers in grid
INFO:root:Any functional model found for 6 hidden layers in grid
INFO:root:Any functional model found for 6 hidden layers in grid
INFO:root:Any functional model found for 6 hidden layers in grid
INFO:root:Any functional model found for 6 hidden layers in grid
INFO:root:Any functional model found for 6 hidden layers in grid
INFO:root:Any functional model found for 6 hidden layers in grid
INFO:root:Any functional model found for 6 hidden layers in grid
INFO:root:Started ramdom mode
INFO:root:Searching 2 layers
INFO:root:Any functional model found for 2 hidden layers in grid
INFO:root:Searching 3 layers
INFO:root:Any functional model found for 3 hidden layers in grid
INFO:root:Searching 4 layers
INFO:root:Any functional model found for 4 hidden layers in grid
INFO:root:Searching 5 layers
INFO:root:Any functional model found for 5 hidden layers in grid
INFO:root:Searching 6 layers
INFO:root:Any functional model found for 6 hidden layers in grid
INFO:root:Grid search complete
INFO:root:Started optimization search
INFO:root:Searching 1 layers
INFO:root:Any functional model found for 1 hidden layers in optimization
INFO:root:Searching 2 layers
INFO:root:Any functional model found for 2 hidden layers in optimization
INFO:root:Searching 3 layers
INFO:root:Any functional model found for 3 hidden layers in optimization
INFO:root:Searching 4 layers
INFO:root:Any functional model found for 4 hidden layers in optimization
INFO:root:Searching 5 layers
INFO:root:Any functional model found for 5 hidden layers in optimization
INFO:root:Searching 6 layers
INFO:root:Any functional model found for 6 hidden layers in optimization
INFO:root:Optimization search complete
INFO:root:Restarted from worst optimizer
INFO:root:Any functional model found for 4 hidden layers in restart_worst
INFO:root:Started grid search
INFO:root:Started assembly mode
INFO:root:Searching 1 layers
INFO:root:Searching 2 layers
INFO:root:Any functional model found for 2 hidden layers in grid
INFO:root:Any functional model found for 2 hidden layers in grid
INFO:root:Any functional model found for 2 hidden layers in grid
INFO:root:Any functional model found for 2 hidden layers in grid
INFO:root:Any functional model found for 2 hidden layers in grid
INFO:root:Any functional model found for 2 hidden layers in grid
INFO:root:Any functional model found for 2 hidden layers in grid
INFO:root:Any functional model found for 2 hidden layers in grid
INFO:root:Any functional model found for 2 hidden layers in grid
INFO:root:Any functional model found for 2 hidden layers in grid
INFO:root:Searching 3 layers
INFO:root:Any functional model found for 3 hidden layers in grid
INFO:root:Any functional model found for 3 hidden layers in grid
INFO:root:Any functional model found for 3 hidden layers in grid
INFO:root:Any functional model found for 3 hidden layers in grid
INFO:root:Any functional model found for 3 hidden layers in grid
INFO:root:Any functional model found for 3 hidden layers in grid
INFO:root:Any functional model found for 3 hidden layers in grid
INFO:root:Any functional model found for 3 hidden layers in grid
INFO:root:Any functional model found for 3 hidden layers in grid
INFO:root:Any functional model found for 3 hidden layers in grid
INFO:root:Searching 4 layers
INFO:root:Any functional model found for 4 hidden layers in grid
INFO:root:Any functional model found for 4 hidden layers in grid
INFO:root:Any functional model found for 4 hidden layers in grid
INFO:root:Any functional model found for 4 hidden layers in grid
INFO:root:Any functional model found for 4 hidden layers in grid
INFO:root:Any functional model found for 4 hidden layers in grid
INFO:root:Any functional model found for 4 hidden layers in grid
INFO:root:Any functional model found for 4 hidden layers in grid
INFO:root:Any functional model found for 4 hidden layers in grid
INFO:root:Any functional model found for 4 hidden layers in grid
INFO:root:Searching 5 layers
INFO:root:Any functional model found for 5 hidden layers in grid
INFO:root:Any functional model found for 5 hidden layers in grid
INFO:root:Any functional model found for 5 hidden layers in grid
INFO:root:Any functional model found for 5 hidden layers in grid
INFO:root:Any functional model found for 5 hidden layers in grid
INFO:root:Any functional model found for 5 hidden layers in grid
INFO:root:Any functional model found for 5 hidden layers in grid
INFO:root:Any functional model found for 5 hidden layers in grid
INFO:root:Any functional model found for 5 hidden layers in grid
INFO:root:Any functional model found for 5 hidden layers in grid
INFO:root:Searching 6 layers
INFO:root:Any functional model found for 6 hidden layers in grid
INFO:root:Any functional model found for 6 hidden layers in grid
INFO:root:Any functional model found for 6 hidden layers in grid
INFO:root:Any functional model found for 6 hidden layers in grid
INFO:root:Any functional model found for 6 hidden layers in grid
INFO:root:Any functional model found for 6 hidden layers in grid
INFO:root:Any functional model found for 6 hidden layers in grid
INFO:root:Any functional model found for 6 hidden layers in grid
INFO:root:Any functional model found for 6 hidden layers in grid
INFO:root:Any functional model found for 6 hidden layers in grid
INFO:root:Started ramdom mode
INFO:root:Searching 2 layers
INFO:root:Any functional model found for 2 hidden layers in grid
INFO:root:Searching 3 layers
INFO:root:Any functional model found for 3 hidden layers in grid
INFO:root:Searching 4 layers
INFO:root:Any functional model found for 4 hidden layers in grid
INFO:root:Searching 5 layers
INFO:root:Any functional model found for 5 hidden layers in grid
INFO:root:Searching 6 layers
INFO:root:Any functional model found for 6 hidden layers in grid
INFO:root:Grid search complete
INFO:root:Started optimization search
INFO:root:Searching 1 layers
INFO:root:Any functional model found for 1 hidden layers in optimization
INFO:root:Searching 2 layers
INFO:root:Any functional model found for 2 hidden layers in optimization
INFO:root:Searching 3 layers
INFO:root:Any functional model found for 3 hidden layers in optimization
INFO:root:Searching 4 layers
INFO:root:Any functional model found for 4 hidden layers in optimization
INFO:root:Searching 5 layers
INFO:root:Any functional model found for 5 hidden layers in optimization
INFO:root:Searching 6 layers
INFO:root:Any functional model found for 6 hidden layers in optimization
INFO:root:Optimization search complete
INFO:root:Restarted from worst optimizer
INFO:root:Any functional model found for 4 hidden layers in restart_worst
INFO:root:Started grid search
INFO:root:Started assembly mode
INFO:root:Searching 2 layers
INFO:root:Any functional model found for 2 hidden layers in grid
INFO:root:Any functional model found for 2 hidden layers in grid
INFO:root:Any functional model found for 2 hidden layers in grid
INFO:root:Any functional model found for 2 hidden layers in grid
INFO:root:Any functional model found for 2 hidden layers in grid
INFO:root:Any functional model found for 2 hidden layers in grid
INFO:root:Any functional model found for 2 hidden layers in grid
INFO:root:Any functional model found for 2 hidden layers in grid
INFO:root:Any functional model found for 2 hidden layers in grid
INFO:root:Any functional model found for 2 hidden layers in grid
INFO:root:Searching 3 layers
INFO:root:Any functional model found for 3 hidden layers in grid
INFO:root:Any functional model found for 3 hidden layers in grid
INFO:root:Any functional model found for 3 hidden layers in grid
INFO:root:Any functional model found for 3 hidden layers in grid
INFO:root:Any functional model found for 3 hidden layers in grid
INFO:root:Any functional model found for 3 hidden layers in grid
INFO:root:Any functional model found for 3 hidden layers in grid
INFO:root:Any functional model found for 3 hidden layers in grid
INFO:root:Any functional model found for 3 hidden layers in grid
INFO:root:Any functional model found for 3 hidden layers in grid
INFO:root:Searching 4 layers
INFO:root:Any functional model found for 4 hidden layers in grid
INFO:root:Any functional model found for 4 hidden layers in grid
INFO:root:Any functional model found for 4 hidden layers in grid
INFO:root:Any functional model found for 4 hidden layers in grid
INFO:root:Any functional model found for 4 hidden layers in grid
INFO:root:Any functional model found for 4 hidden layers in grid
INFO:root:Any functional model found for 4 hidden layers in grid
INFO:root:Any functional model found for 4 hidden layers in grid
INFO:root:Any functional model found for 4 hidden layers in grid
INFO:root:Any functional model found for 4 hidden layers in grid
INFO:root:Searching 5 layers
INFO:root:Any functional model found for 5 hidden layers in grid
INFO:root:Any functional model found for 5 hidden layers in grid
INFO:root:Any functional model found for 5 hidden layers in grid
INFO:root:Any functional model found for 5 hidden layers in grid
INFO:root:Any functional model found for 5 hidden layers in grid
INFO:root:Any functional model found for 5 hidden layers in grid
INFO:root:Any functional model found for 5 hidden layers in grid
INFO:root:Any functional model found for 5 hidden layers in grid
INFO:root:Any functional model found for 5 hidden layers in grid
INFO:root:Any functional model found for 5 hidden layers in grid
INFO:root:Searching 6 layers
INFO:root:Any functional model found for 6 hidden layers in grid
INFO:root:Any functional model found for 6 hidden layers in grid
INFO:root:Any functional model found for 6 hidden layers in grid
INFO:root:Any functional model found for 6 hidden layers in grid
INFO:root:Any functional model found for 6 hidden layers in grid
INFO:root:Any functional model found for 6 hidden layers in grid
INFO:root:Any functional model found for 6 hidden layers in grid
INFO:root:Any functional model found for 6 hidden layers in grid
INFO:root:Any functional model found for 6 hidden layers in grid
INFO:root:Any functional model found for 6 hidden layers in grid
INFO:root:Started ramdom mode
INFO:root:Searching 2 layers
INFO:root:Any functional model found for 2 hidden layers in grid
INFO:root:Searching 3 layers
INFO:root:Any functional model found for 3 hidden layers in grid
INFO:root:Searching 4 layers
INFO:root:Any functional model found for 4 hidden layers in grid
INFO:root:Searching 5 layers
INFO:root:Any functional model found for 5 hidden layers in grid
INFO:root:Searching 6 layers
INFO:root:Any functional model found for 6 hidden layers in grid
INFO:root:Grid search complete
INFO:root:Started optimization search
INFO:root:Searching 2 layers
INFO:root:Any functional model found for 2 hidden layers in optimization
INFO:root:Searching 3 layers
INFO:root:Any functional model found for 3 hidden layers in optimization
INFO:root:Searching 4 layers
INFO:root:Any functional model found for 4 hidden layers in optimization
INFO:root:Searching 5 layers
INFO:root:Any functional model found for 5 hidden layers in optimization
INFO:root:Searching 6 layers
INFO:root:Any functional model found for 6 hidden layers in optimization
INFO:root:Optimization search complete
INFO:root:Restarted from worst optimizer
INFO:root:Any functional model found for 4 hidden layers in restart_worst
INFO:root:Started grid search
INFO:root:Started assembly mode
INFO:root:Searching 2 layers
INFO:root:Started grid search
INFO:root:Started assembly mode
INFO:root:Searching 2 layers
INFO:root:Searching 3 layers
INFO:root:Searching 4 layers
INFO:root:Searching 5 layers
INFO:root:Searching 6 layers
INFO:root:Started ramdom mode
INFO:root:Searching 2 layers
INFO:root:Searching 3 layers
INFO:root:Searching 4 layers
INFO:root:Searching 5 layers
INFO:root:Searching 6 layers
INFO:root:Grid search complete
INFO:root:Started optimization search
INFO:root:Searching 2 layers
INFO:root:Any functional model found for 2 hidden layers in optimization
INFO:root:Searching 3 layers
INFO:root:Any functional model found for 3 hidden layers in optimization
INFO:root:Searching 4 layers
INFO:root:Any functional model found for 4 hidden layers in optimization
INFO:root:Searching 5 layers
INFO:root:Any functional model found for 5 hidden layers in optimization
INFO:root:Searching 6 layers
INFO:root:Any functional model found for 6 hidden layers in optimization
INFO:root:Optimization search complete
INFO:root:Restarted from worst optimizer
INFO:root:Started grid search
INFO:root:Started assembly mode
INFO:root:Searching 2 layers
INFO:root:Searching 3 layers
INFO:root:Searching 4 layers
INFO:root:Searching 5 layers
INFO:root:Searching 6 layers
INFO:root:Grid search complete
INFO:root:Started optimization search
INFO:root:Searching 2 layers
INFO:root:Any functional model found for 2 hidden layers in optimization
INFO:root:Searching 3 layers
INFO:root:Any functional model found for 3 hidden layers in optimization
INFO:root:Searching 4 layers
INFO:root:Any functional model found for 4 hidden layers in optimization
INFO:root:Searching 5 layers
INFO:root:Any functional model found for 5 hidden layers in optimization
INFO:root:Searching 6 layers
INFO:root:Any functional model found for 6 hidden layers in optimization
INFO:root:Optimization search complete
INFO:root:Random state search started
INFO:root:Searching 2 layers
INFO:root:Searching 3 layers
INFO:root:Searching 4 layers
INFO:root:Searching 5 layers
INFO:root:Searching 6 layers
INFO:root:Random state search complete
INFO:root:Learning rate search started (Parted: None)
INFO:root:Searching 2 layers (Parted: None)
INFO:root:Any functional model found for 2 hidden layers in tuning_lr
INFO:root:Searching 3 layers (Parted: None)
INFO:root:Any functional model found for 3 hidden layers in tuning_lr
INFO:root:Searching 4 layers (Parted: None)
INFO:root:Any functional model found for 4 hidden layers in tuning_lr
INFO:root:Searching 5 layers (Parted: None)
INFO:root:Any functional model found for 5 hidden layers in tuning_lr
INFO:root:Searching 6 layers (Parted: None)
INFO:root:Any functional model found for 6 hidden layers in tuning_lr
INFO:root:Learning rate search complete (Parted: None)
INFO:root:Tuning batch search started (Parted: None)
INFO:root:Searching 2 layers (Parted: None)
INFO:root:Searching nearest powers of two in batches (Parted: None)
INFO:root:Searching increments in batches (Parted: None)
INFO:root:Searching 3 layers (Parted: None)
INFO:root:Searching nearest powers of two in batches (Parted: None)
INFO:root:Searching increments in batches (Parted: None)
INFO:root:Searching 4 layers (Parted: None)
INFO:root:Searching nearest powers of two in batches (Parted: None)
INFO:root:Searching increments in batches (Parted: None)
INFO:root:Searching 5 layers (Parted: None)
INFO:root:Searching nearest powers of two in batches (Parted: None)
INFO:root:Searching increments in batches (Parted: None)
INFO:root:Searching 6 layers (Parted: None)
INFO:root:Searching nearest powers of two in batches (Parted: None)
INFO:root:Searching increments in batches (Parted: None)
INFO:root:Tuning batch search complete (Parted: None)
INFO:root:Random state search started
INFO:root:Searching 2 layers
INFO:root:Any functional model found for 2 hidden layers in random_state
INFO:root:Searching 3 layers
INFO:root:Any functional model found for 3 hidden layers in random_state
INFO:root:Searching 4 layers
INFO:root:Any functional model found for 4 hidden layers in random_state
INFO:root:Searching 5 layers
INFO:root:Any functional model found for 5 hidden layers in random_state
INFO:root:Searching 6 layers
INFO:root:Any functional model found for 6 hidden layers in random_state
INFO:root:Random state search complete
INFO:root:Around exploration started
INFO:root:Searching 2 layers
INFO:root:Around exploration complete
INFO:root:Searching 3 layers
INFO:root:Around exploration complete
INFO:root:Searching 4 layers
INFO:root:Around exploration complete
INFO:root:Searching 5 layers
INFO:root:Around exploration complete
INFO:root:Searching 6 layers
INFO:root:Around exploration complete
INFO:root:Started optimization search
INFO:root:Searching 2 layers
INFO:root:Searching 3 layers
INFO:root:Searching 4 layers
INFO:root:Searching 5 layers
INFO:root:Searching 6 layers
INFO:root:Optimization search complete
INFO:root:Learning rate search started (Parted: None)
INFO:root:Searching 2 layers (Parted: None)
INFO:root:Any functional model found for 2 hidden layers in tuning_lr
INFO:root:Searching 3 layers (Parted: None)
INFO:root:Any functional model found for 3 hidden layers in tuning_lr
INFO:root:Searching 4 layers (Parted: None)
INFO:root:Any functional model found for 4 hidden layers in tuning_lr
INFO:root:Searching 5 layers (Parted: None)
INFO:root:Any functional model found for 5 hidden layers in tuning_lr
INFO:root:Searching 6 layers (Parted: None)
INFO:root:Any functional model found for 6 hidden layers in tuning_lr
INFO:root:Learning rate search complete (Parted: None)
