INFO:root:Started grid search
INFO:root:Started assembly mode
INFO:root:Searching 1 layers
INFO:root:Searching 2 layers
INFO:root:Searching 3 layers
INFO:root:Searching 4 layers
INFO:root:Searching 5 layers
INFO:root:Searching 6 layers
INFO:root:Started ramdom mode
INFO:root:Searching 2 layers
INFO:root:Searching 3 layers
INFO:root:Searching 4 layers
INFO:root:Searching 5 layers
INFO:root:Searching 6 layers
INFO:root:Grid search complete
INFO:root:Started optimization search
INFO:root:Searching 1 layers
INFO:root:Any functional model found for 1 hidden layers in optimization
INFO:root:Searching 2 layers
INFO:root:Any functional model found for 2 hidden layers in optimization
INFO:root:Searching 3 layers
INFO:root:Any functional model found for 3 hidden layers in optimization
INFO:root:Searching 4 layers
INFO:root:Any functional model found for 4 hidden layers in optimization
INFO:root:Searching 5 layers
INFO:root:Any functional model found for 5 hidden layers in optimization
INFO:root:Searching 6 layers
INFO:root:Any functional model found for 6 hidden layers in optimization
INFO:root:Optimization search complete
